<?xml version="1.0" encoding="UTF-8"?>
<!-- Generated by org.testng.reporters.JUnitXMLReporter -->
<testsuite hostname="DESKTOP-2PVPGVB" ignored="2" name="smokeTest" tests="3" failures="0" timestamp="30 Aug 2018 11:03:33 GMT" time="42.067" errors="0">
  <testcase name="bangar" time="0.248" classname="demo.pack.DemoProject2.TC_001"/>
  <testcase name="ramu" time="0.497" classname="demo.pack.DemoProject2.TC_002"/>
  <testcase name="launch" time="7.985" classname="demo.pack.DemoProject2.BrowserLaunch"/>
  <testcase name="a" time="0.0" classname="demo.pack.DemoProject2.BrowserLaunch">
    <ignored/>
  </testcase> <!-- a -->
  <testcase name="m1" time="0.0" classname="demo.pack.DemoProject2.BrowserLaunch">
    <ignored/>
  </testcase> <!-- m1 -->
</testsuite> <!-- smokeTest -->
