<?xml version="1.0" encoding="UTF-8"?>
<!-- Generated by org.testng.reporters.JUnitXMLReporter -->
<testsuite hostname="DESKTOP-2PVPGVB" ignored="1" name="Default test" tests="1" failures="0" timestamp="04 Sep 2018 11:14:02 GMT" time="30.472" errors="0">
  <testcase name="registration" time="16.857" classname="demo.pack.DemoProject2.TC_003"/>
  <testcase name="login" time="0.0" classname="demo.pack.DemoProject2.TC_003">
    <ignored/>
  </testcase> <!-- login -->
</testsuite> <!-- Default test -->
