<?xml version="1.0" encoding="UTF-8"?>
<!-- Generated by org.testng.reporters.JUnitXMLReporter -->
<testsuite hostname="DESKTOP-2PVPGVB" ignored="4" name="ChromeTest" tests="1" failures="0" timestamp="31 Aug 2018 10:36:19 GMT" time="20.39" errors="0">
  <testcase name="launch" time="7.869" classname="demo.pack.DemoProject2.BrowserLaunch"/>
  <testcase name="bangar" time="0.0" classname="demo.pack.DemoProject2.TC_001">
    <ignored/>
  </testcase> <!-- bangar -->
  <testcase name="a" time="0.0" classname="demo.pack.DemoProject2.BrowserLaunch">
    <ignored/>
  </testcase> <!-- a -->
  <testcase name="m1" time="0.0" classname="demo.pack.DemoProject2.BrowserLaunch">
    <ignored/>
  </testcase> <!-- m1 -->
  <testcase name="ramu" time="0.0" classname="demo.pack.DemoProject2.TC_002">
    <ignored/>
  </testcase> <!-- ramu -->
</testsuite> <!-- ChromeTest -->
