<?xml version="1.0" encoding="UTF-8"?>
<!-- Generated by org.testng.reporters.JUnitXMLReporter -->
<testsuite hostname="DESKTOP-2PVPGVB" ignored="2" name="FirefoxTest" tests="3" failures="0" timestamp="30 Aug 2018 11:28:22 GMT" time="147.389" errors="0">
  <testcase name="bangar" time="2.132" classname="demo.pack.DemoProject2.TC_001"/>
  <testcase name="ramu" time="0.116" classname="demo.pack.DemoProject2.TC_002"/>
  <testcase name="launch" time="5.459" classname="demo.pack.DemoProject2.BrowserLaunch"/>
  <testcase name="a" time="0.0" classname="demo.pack.DemoProject2.BrowserLaunch">
    <ignored/>
  </testcase> <!-- a -->
  <testcase name="m1" time="0.0" classname="demo.pack.DemoProject2.BrowserLaunch">
    <ignored/>
  </testcase> <!-- m1 -->
</testsuite> <!-- FirefoxTest -->
