<?xml version="1.0" encoding="UTF-8"?>
<!-- Generated by org.testng.reporters.JUnitXMLReporter -->
<testsuite hostname="DESKTOP-2PVPGVB" ignored="2" name="IETest" tests="3" failures="0" timestamp="30 Aug 2018 11:27:31 GMT" time="96.308" errors="0">
  <testcase name="bangar" time="0.511" classname="demo.pack.DemoProject2.TC_001"/>
  <testcase name="ramu" time="1.058" classname="demo.pack.DemoProject2.TC_002"/>
  <testcase name="launch" time="13.128" classname="demo.pack.DemoProject2.BrowserLaunch"/>
  <testcase name="a" time="0.0" classname="demo.pack.DemoProject2.BrowserLaunch">
    <ignored/>
  </testcase> <!-- a -->
  <testcase name="m1" time="0.0" classname="demo.pack.DemoProject2.BrowserLaunch">
    <ignored/>
  </testcase> <!-- m1 -->
</testsuite> <!-- IETest -->
